<?xml version="1.0" encoding="UTF-8"?>
<testsuite name="com.test.MyTest" tests="1" skipped="0" failures="0" errors="0" timestamp="2023-01-11T14:02:23" hostname="m.local" time="0.016">
  <properties/>
  <testcase name="test()" classname="com.test.MyTest" time="0.016"/>
  <system-out><![CDATA[]]></system-out>
  <system-err><![CDATA[]]></system-err>
</testsuite>
